Arguments: 
  C:\Program Files\nodejs\node.exe C:\Users\Andrew\AppData\Roaming\npm\node_modules\yarn\bin\yarn.js start

PATH: 
  C:\Users\Andrew\bin;C:\Program Files\Git\mingw64\bin;C:\Program Files\Git\usr\local\bin;C:\Program Files\Git\usr\bin;C:\Program Files\Git\usr\bin;C:\Program Files\Git\mingw64\bin;C:\Program Files\Git\usr\bin;C:\Users\Andrew\bin;C:\Program Files (x86)\Razer Chroma SDK\bin;C:\Program Files\Razer Chroma SDK\bin;C:\ProgramData\Oracle\Java\javapath;C:\Program Files (x86)\Intel\iCLS Client;C:\Program Files\Intel\iCLS Client;C:\Windows\system32;C:\Windows;C:\Windows\System32\Wbem;C:\Windows\System32\WindowsPowerShell\v1.0;C:\Program Files (x86)\NVIDIA Corporation\PhysX\Common;C:\Program Files (x86)\Intel\Intel(R) Management Engine Components\DAL;C:\Program Files\Intel\Intel(R) Management Engine Components\DAL;C:\Program Files (x86)\Intel\Intel(R) Management Engine Components\IPT;C:\Program Files\Intel\Intel(R) Management Engine Components\IPT;C:\Program Files\Intel\WiFi\bin;C:\Program Files\Common Files\Intel\WirelessCommon;C:\Users\Andrew\AppData\Local\Microsoft\WindowsApps;C:\Program Files\Git\cmd;C:\Program Files\Microsoft VS Code\bin;C:\Program Files\nodejs;C:\WINDOWS\system32;C:\WINDOWS;C:\WINDOWS\System32\Wbem;C:\WINDOWS\System32\WindowsPowerShell\v1.0;C:\WINDOWS\System32\OpenSSH;C:\Program Files\MongoDB\Server\4.0\Bin;C:\Program Files\Git\;C:\Program Files\Microsoft VS Code\bin;C:\Users\Andrew\AppData\Roaming\npm;C:\Program Files\heroku\bin;D:\heroku\bin;C:\Users\Andrew\AppData\Local\Microsoft\WindowsApps;C:\Program Files\Git\usr\bin\vendor_perl;C:\Program Files\Git\usr\bin\core_perl

Yarn version: 
  1.9.4

Node version: 
  8.11.3

Platform: 
  win32 x64

Trace: 
  SyntaxError: c:\Users\Andrew\Desktop\code\UofA\React-Click-Game\package.json: Unexpected token { in JSON at position 216
      at JSON.parse (<anonymous>)
      at C:\Users\Andrew\AppData\Roaming\npm\node_modules\yarn\lib\cli.js:1130:59
      at Generator.next (<anonymous>)
      at step (C:\Users\Andrew\AppData\Roaming\npm\node_modules\yarn\lib\cli.js:92:30)
      at C:\Users\Andrew\AppData\Roaming\npm\node_modules\yarn\lib\cli.js:103:13
      at <anonymous>

npm manifest: 
  {
    "name": "React-Click-Game",
    "version": "1.0.0",
    "main": "index.js",
    "repository": "git@github.com:AndrewABowden/React-Click-Game.git",
    "author": "Andrew <andrewbowden92@gmail.com>",
    "license": "MIT"
  }
  
  {
    "name": "react-clicker",
    "version": "0.1.0",
    "private": true,
    "dependencies": {
      "react": "^16.4.2",
      "react-dom": "^16.4.2",
      "react-scripts": "1.1.5"
    },
    "scripts": {
      "start": "react-scripts start",
      "build": "react-scripts build",
      "test": "react-scripts test --env=jsdom",
      "eject": "react-scripts eject"
    }
  }

yarn manifest: 
  No manifest

Lockfile: 
  # THIS IS AN AUTOGENERATED FILE. DO NOT EDIT THIS FILE DIRECTLY.
  # yarn lockfile v1
